 === >Carte< === 
taille 32 x 16
Carburant de départ 35 

................................
................................
................................
................................
..#########################==...
..#########################==...
..#########################==...
..#########################==...
..#########################==...
..#########################==...
..#########################==...
................................
................................
................................
................................
................................

 === Debut Course === 

 === Tour 1 === 
3 7	4 9	6 5
 === Action === 
1 0 (carburant restant 34)

 === Tour 2 === 
4 7	6 9	13 5
 === Action === 
1 0 (carburant restant 32)

 === Tour 3 === 
6 9	18 5	9 7
 === Action === 
1 0 (carburant restant 28)

 === Tour 4 === 
9 7	13 9	18 5
 === Action === 
1 0 (carburant restant 23)

 === Tour 5 === 
13 7	18 9	19 5
 === Action === 
1 0 (carburant restant 16)

 === Tour 6 === 
18 7	18 9	21 5
 === Action === 
1 0 (carburant restant 8)
 === Tour 7 === 
18 9	24 5	19 7
 === Action === 
1 0 (carburant restant -2)

 === Tour 8 === 
19 9	24 5	21 7
 === Action === 
1 0 (carburant restant -13)

 === Tour 9 === 
21 9	24 5	24 7
 === Action === 
1 0 (carburant restant -26)

 === Tour 10 === 
24 9	24 5	24 7
 === Action === 
1 0 (carburant restant -40)

